<?xml version="1.0" encoding="UTF-8"?>
<!-- Generated by org.testng.reporters.JUnitReportReporter -->
<testsuite skipped="0" hostname="LAPTOP-2P2P5LU3" name="TestRest.TestSpecification" tests="1" failures="0" timestamp="03 Aug 2020 23:27:41 GMT" time="2.140" errors="0">
  <testcase name="gettingLine" time="2.140" classname="TestRest.TestSpecification"/>
</testsuite> <!-- TestRest.TestSpecification -->
