<?xml version="1.0" encoding="UTF-8"?>
<!-- Generated by org.testng.reporters.JUnitReportReporter -->
<testsuite skipped="0" hostname="LAPTOP-2P2P5LU3" name="com.wbl.TryRestAssured.AppTest" tests="1" failures="0" timestamp="03 Aug 2020 23:27:41 GMT" time="0.029" errors="0">
  <testcase name="testApp" time="0.029" classname="com.wbl.TryRestAssured.AppTest"/>
</testsuite> <!-- com.wbl.TryRestAssured.AppTest -->
