<?xml version="1.0" encoding="UTF-8"?>
<!-- Generated by org.testng.reporters.JUnitReportReporter -->
<testsuite skipped="0" hostname="LAPTOP-2P2P5LU3" name="TestRest.AddAccount" tests="1" failures="0" timestamp="28 Aug 2020 20:50:12 GMT" time="9.163" errors="0">
  <testcase name="addAcc" time="9.163" classname="TestRest.AddAccount"/>
</testsuite> <!-- TestRest.AddAccount -->
