<?xml version="1.0" encoding="UTF-8"?>
<!-- Generated by org.testng.reporters.JUnitReportReporter -->
<testsuite skipped="0" hostname="LAPTOP-2P2P5LU3" name="TestRest.sessionfilter" tests="1" failures="0" timestamp="28 Aug 2020 22:10:34 GMT" time="29.886" errors="0">
  <testcase name="sessionRecooding" time="29.886" classname="TestRest.sessionfilter"/>
</testsuite> <!-- TestRest.sessionfilter -->
