<?xml version="1.0" encoding="UTF-8"?>
<!-- Generated by org.testng.reporters.JUnitReportReporter -->
<testsuite skipped="0" hostname="LAPTOP-2P2P5LU3" name="TestRest.ObjecMapperPost1" tests="1" failures="0" timestamp="28 Aug 2020 06:22:01 GMT" time="3.584" errors="0">
  <testcase name="obbMapp" time="3.584" classname="TestRest.ObjecMapperPost1"/>
</testsuite> <!-- TestRest.ObjecMapperPost1 -->
