<?xml version="1.0" encoding="UTF-8"?>
<!-- Generated by org.testng.reporters.JUnitReportReporter -->
<testsuite skipped="0" hostname="LAPTOP-2P2P5LU3" name="TestRest.BasicAuthentication" tests="1" failures="0" timestamp="28 Aug 2020 01:49:53 GMT" time="10.722" errors="0">
  <testcase name="basicAuthen" time="10.722" classname="TestRest.BasicAuthentication"/>
</testsuite> <!-- TestRest.BasicAuthentication -->
