<?xml version="1.0" encoding="UTF-8"?>
<!-- Generated by org.testng.reporters.JUnitReportReporter -->
<testsuite skipped="0" hostname="LAPTOP-2P2P5LU3" name="TestRest.AddMethod1" tests="1" failures="0" timestamp="18 Aug 2020 18:15:29 GMT" time="5.818" errors="0">
  <testcase name="addAccount" time="5.818" classname="TestRest.AddMethod1"/>
</testsuite> <!-- TestRest.AddMethod1 -->
