<?xml version="1.0" encoding="UTF-8"?>
<!-- Generated by org.testng.reporters.JUnitReportReporter -->
<testsuite skipped="0" hostname="LAPTOP-2P2P5LU3" name="TestRest.TestSpecification" tests="2" failures="0" timestamp="23 Jun 2020 00:07:08 GMT" time="2.281" errors="0">
  <testcase name="gettingLine" time="2.095" classname="TestRest.TestSpecification"/>
  <testcase name="gettingseci" time="0.186" classname="TestRest.TestSpecification"/>
</testsuite> <!-- TestRest.TestSpecification -->
