<?xml version="1.0" encoding="UTF-8"?>
<!-- Generated by org.testng.reporters.JUnitReportReporter -->
<testsuite skipped="0" hostname="LAPTOP-2P2P5LU3" name="TestRest.ObjectM1" tests="1" failures="0" timestamp="18 Aug 2020 18:16:36 GMT" time="2.732" errors="0">
  <testcase name="obMapp" time="2.732" classname="TestRest.ObjectM1"/>
</testsuite> <!-- TestRest.ObjectM1 -->
