<?xml version="1.0" encoding="UTF-8"?>
<!-- Generated by org.testng.reporters.JUnitReportReporter -->
<testsuite skipped="0" hostname="LAPTOP-2P2P5LU3" name="TestRest.GettinRest" tests="2" failures="0" timestamp="03 Aug 2020 23:22:57 GMT" time="2.762" errors="0">
  <testcase name="gettingBody" time="2.517" classname="TestRest.GettinRest"/>
  <testcase name="gettingRest" time="0.245" classname="TestRest.GettinRest"/>
</testsuite> <!-- TestRest.GettinRest -->
