<?xml version="1.0" encoding="UTF-8"?>
<!-- Generated by org.testng.reporters.JUnitReportReporter -->
<testsuite skipped="0" hostname="LAPTOP-2P2P5LU3" name="TestRest.ValidateValues" tests="1" failures="0" timestamp="06 Aug 2020 06:28:11 GMT" time="0.986" errors="0">
  <testcase name="validateVal" time="0.986" classname="TestRest.ValidateValues"/>
</testsuite> <!-- TestRest.ValidateValues -->
