<?xml version="1.0" encoding="UTF-8"?>
<!-- Generated by org.testng.reporters.JUnitReportReporter -->
<testsuite skipped="0" hostname="LAPTOP-2P2P5LU3" name="TestRest.ObjectMapperPost" tests="1" failures="0" timestamp="28 Aug 2020 06:09:13 GMT" time="6.078" errors="0">
  <testcase name="objectPost" time="6.078" classname="TestRest.ObjectMapperPost"/>
</testsuite> <!-- TestRest.ObjectMapperPost -->
